A D/archive////
A D/createbcplut////
A D/detectpeaks////
A D/digdetectedge////
A D/doc////
A D/fastsimresponse////
A D/fastwalsh////
A D/findmseqseed////
A D/genmseq////
A D/genregmseq////
A D/getkernellocation////
A D/gridprewalshperm////
A D/matlabaux////
A D/mexmseqfindprod////
A D/mseq////
A D/mseqmult////
A D/nmfastwalsh////
A D/nmpostwalshperm////
A D/nmprewalshperm////
A D/perfdump////
A D/postwalshperm////
A D/prewalshperm////
A D/rotatevector////
A D/simpleresample////
A D/slowseqp////
A D/xcorrdirect////
